17:13:15 **** Build of project design_1_wrapper ****
buildplatform.bat 51625 design_1_wrapper  
XSDB Server Channel: tcfchan#3
Building the zynq_fsbl application.
make: Entering directory 'D:/project/Final_Project/SHJ/VITIS/design_1_wrapper/zynq_fsbl/zynq_fsbl_bsp'

make --no-print-directory seq_libs

"Running Make include in ps7_cortexa9_0/libsrc/cnn1d_top_v1_0/src"

make -C ps7_cortexa9_0/libsrc/cnn1d_top_v1_0/src -s include  "SHELL=CMD" "COMPILER=arm-none-eabi-gcc" "ASSEMBLER=arm-none-eabi-
as" "ARCHIVER=arm-none-eabi-ar" "COMPILER_FLAGS=  -O2 -c" "EXTRA_COMPILER_FLAGS=-mcpu=cortex-a9 -mfpu=vfpv3 -mfloat-abi=hard -n
ostartfiles -g -Wall -Wextra"

process_begin: CreateProcess(NULL, #echo "Copying 'xcnn1d_top.h' to '../../../include/xcnn1d_top.h'", ...) failed.
make (e=2): 지정된 파일을 찾을 수 없습니다.
make[2]: *** [Makefile:40: ../../../include/xcnn1d_top.h] Error 2
make[1]: *** [Makefile:42: ps7_cortexa9_0/libsrc/cnn1d_top_v1_0/src/make.include] Error 2
make: *** [Makefile:18: all] Error 2
make: Leaving directory 'D:/project/Final_Project/SHJ/VITIS/design_1_wrapper/zynq_fsbl/zynq_fsbl_bsp'

make -C zynq_fsbl_bsp

make[1]: Entering directory 'D:/project/Final_Project/SHJ/VITIS/design_1_wrapper/zynq_fsbl/zynq_fsbl_bsp'

make --no-print-directory seq_libs

"Running Make include in ps7_cortexa9_0/libsrc/cnn1d_top_v1_0/src"

make -C ps7_cortexa9_0/libsrc/cnn1d_top_v1_0/src -s include  "SHELL=CMD" "COMPILER=arm-none-eabi-gcc" "ASSEMBLER=arm-none-eabi-
as" "ARCHIVER=arm-none-eabi-ar" "COMPILER_FLAGS=  -O2 -c" "EXTRA_COMPILER_FLAGS=-mcpu=cortex-a9 -mfpu=vfpv3 -mfloat-abi=hard -n
ostartfiles -g -Wall -Wextra"

process_begin: CreateProcess(NULL, #echo "Copying 'xcnn1d_top.h' to '../../../include/xcnn1d_top.h'", ...) failed.
make (e=2): 지정된 파일을 찾을 수 없습니다.
make[3]: *** [Makefile:40: ../../../include/xcnn1d_top.h] Error 2
make[2]: *** [Makefile:42: ps7_cortexa9_0/libsrc/cnn1d_top_v1_0/src/make.include] Error 2
make[1]: *** [Makefile:18: all] Error 2
make[1]: Leaving directory 'D:/project/Final_Project/SHJ/VITIS/design_1_wrapper/zynq_fsbl/zynq_fsbl_bsp'

make: *** [Makefile:30: zynq_fsbl_bsp/ps7_cortexa9_0/lib/libxil.a] Error 2
Building the BSP Library for domain  - standalone_ps7_cortexa9_0 on processor ps7_cortexa9_0
make --no-print-directory seq_libs

"Running Make include in ps7_cortexa9_0/libsrc/cnn1d_top_v1_0/src"

make -C ps7_cortexa9_0/libsrc/cnn1d_top_v1_0/src -s include  "SHELL=CMD" "COMPILER=arm-none-eabi-gcc" "ASSEMBLER=arm-none-eabi-
as" "ARCHIVER=arm-none-eabi-ar" "COMPILER_FLAGS=  -O2 -c" "EXTRA_COMPILER_FLAGS=-mcpu=cortex-a9 -mfpu=vfpv3 -mfloat-abi=hard -n
ostartfiles -g -Wall -Wextra"

process_begin: CreateProcess(NULL, #echo "Copying 'xcnn1d_top.h' to '../../../include/xcnn1d_top.h'", ...) failed.
make (e=2): 지정된 파일을 찾을 수 없습니다.
make[2]: *** [Makefile:40: ../../../include/xcnn1d_top.h] Error 2
make[1]: *** [Makefile:42: ps7_cortexa9_0/libsrc/cnn1d_top_v1_0/src/make.include] Error 2
make: *** [Makefile:18: all] Error 2
Failed to build  the bsp sources for domain - standalone_ps7_cortexa9_0
Failed to generate the platform.
Reason: Failed to build the  zynq_fsbl application.
    invoked from within
"::tcf::eval -progress {apply {{msg} {puts $msg}}} {tcf_send_command tcfchan#0 xsdb eval s es {{platform active design_1_wrapper; platform generate }}}"
    (procedure "::tcf::send_command" line 4)
    invoked from within
"tcf send_command $::xsdb::curchan xsdb eval s es [list "platform active $PLATFORM_NAME; platform generate $target"]"
    invoked from within
"if { $iswindows == 1 } {    

    set XSDB_PORT [lindex $argv 0]
    set PLATFORM_NAME [lindex $argv 1]
    set arglen [llength $argv]
    set lastind..."
    (file "C:/Xilinx/Vitis/2020.2\scripts\vitis\util\buildplatform.tcl" line 11)

17:13:16 Build Finished (took 1s.250ms)

