14:36:57 **** Build of project system_wrapper ****
buildplatform.bat 50351 system_wrapper  
XSDB Server Channel: tcfchan#26
Reading the platform  : "system_wrapper"
Building the zynq_fsbl application.
make: Entering directory 'D:/project/Final_Project/SHJ/VITIS/system_wrapper/zynq_fsbl/zynq_fsbl_bsp'

"Running Make include in ps7_cortexa9_0/libsrc/axivdma_v6_7/src"

make -C ps7_cortexa9_0/libsrc/axivdma_v6_7/src -s include  "SHELL=CMD" "COMPILER=arm-none-eabi-gcc" "ASSEMBLER=arm-none-eabi-as
" "ARCHIVER=arm-none-eabi-ar" "COMPILER_FLAGS=  -O2 -c" "EXTRA_COMPILER_FLAGS=-mcpu=cortex-a9 -mfpu=vfpv3 -mfloat-abi=hard -nos
tartfiles -g -Wall -Wextra"

make[1]: Entering directory 'D:/project/Final_Project/SHJ/VITIS/system_wrapper/zynq_fsbl/zynq_fsbl_bsp/ps7_cortexa9_0/libsrc/ax
ivdma_v6_7/src'

make[1]: Leaving directory 'D:/project/Final_Project/SHJ/VITIS/system_wrapper/zynq_fsbl/zynq_fsbl_bsp/ps7_cortexa9_0/libsrc/axi
vdma_v6_7/src'

"Running Make include in ps7_cortexa9_0/libsrc/clk_wiz_v1_3/src"

make -C ps7_cortexa9_0/libsrc/clk_wiz_v1_3/src -s include  "SHELL=CMD" "COMPILER=arm-none-eabi-gcc" "ASSEMBLER=arm-none-eabi-as
" "ARCHIVER=arm-none-eabi-ar" "COMPILER_FLAGS=  -O2 -c" "EXTRA_COMPILER_FLAGS=-mcpu=cortex-a9 -mfpu=vfpv3 -mfloat-abi=hard -nos
tartfiles -g -Wall -Wextra"

make[1]: Entering directory 'D:/project/Final_Project/SHJ/VITIS/system_wrapper/zynq_fsbl/zynq_fsbl_bsp/ps7_cortexa9_0/libsrc/cl
k_wiz_v1_3/src'

make[1]: Leaving directory 'D:/project/Final_Project/SHJ/VITIS/system_wrapper/zynq_fsbl/zynq_fsbl_bsp/ps7_cortexa9_0/libsrc/clk
_wiz_v1_3/src'

"Running Make include in ps7_cortexa9_0/libsrc/coresightps_dcc_v1_7/src"

make -C ps7_cortexa9_0/libsrc/coresightps_dcc_v1_7/src -s include  "SHELL=CMD" "COMPILER=arm-none-eabi-gcc" "ASSEMBLER=arm-none
-eabi-as" "ARCHIVER=arm-none-eabi-ar" "COMPILER_FLAGS=  -O2 -c" "EXTRA_COMPILER_FLAGS=-mcpu=cortex-a9 -mfpu=vfpv3 -mfloat-abi=h
ard -nostartfiles -g -Wall -Wextra"

make[1]: Entering directory 'D:/project/Final_Project/SHJ/VITIS/system_wrapper/zynq_fsbl/zynq_fsbl_bsp/ps7_cortexa9_0/libsrc/co
resightps_dcc_v1_7/src'

make[1]: Leaving directory 'D:/project/Final_Project/SHJ/VITIS/system_wrapper/zynq_fsbl/zynq_fsbl_bsp/ps7_cortexa9_0/libsrc/cor
esightps_dcc_v1_7/src'

"Running Make include in ps7_cortexa9_0/libsrc/cpu_cortexa9_v2_9/src"

make -C ps7_cortexa9_0/libsrc/cpu_cortexa9_v2_9/src -s include  "SHELL=CMD" "COMPILER=arm-none-eabi-gcc" "ASSEMBLER=arm-none-ea
bi-as" "ARCHIVER=arm-none-eabi-ar" "COMPILER_FLAGS=  -O2 -c" "EXTRA_COMPILER_FLAGS=-mcpu=cortex-a9 -mfpu=vfpv3 -mfloat-abi=hard
 -nostartfiles -g -Wall -Wextra"

make[1]: Entering directory 'D:/project/Final_Project/SHJ/VITIS/system_wrapper/zynq_fsbl/zynq_fsbl_bsp/ps7_cortexa9_0/libsrc/cp
u_cortexa9_v2_9/src'

make[1]: Leaving directory 'D:/project/Final_Project/SHJ/VITIS/system_wrapper/zynq_fsbl/zynq_fsbl_bsp/ps7_cortexa9_0/libsrc/cpu
_cortexa9_v2_9/src'

"Running Make include in ps7_cortexa9_0/libsrc/ddrps_v1_1/src"

make -C ps7_cortexa9_0/libsrc/ddrps_v1_1/src -s include  "SHELL=CMD" "COMPILER=arm-none-eabi-gcc" "ASSEMBLER=arm-none-eabi-as" 
"ARCHIVER=arm-none-eabi-ar" "COMPILER_FLAGS=  -O2 -c" "EXTRA_COMPILER_FLAGS=-mcpu=cortex-a9 -mfpu=vfpv3 -mfloat-abi=hard -nosta
rtfiles -g -Wall -Wextra"

make[1]: Entering directory 'D:/project/Final_Project/SHJ/VITIS/system_wrapper/zynq_fsbl/zynq_fsbl_bsp/ps7_cortexa9_0/libsrc/dd
rps_v1_1/src'

make[1]: Leaving directory 'D:/project/Final_Project/SHJ/VITIS/system_wrapper/zynq_fsbl/zynq_fsbl_bsp/ps7_cortexa9_0/libsrc/ddr
ps_v1_1/src'

"Running Make include in ps7_cortexa9_0/libsrc/devcfg_v3_6/src"

make -C ps7_cortexa9_0/libsrc/devcfg_v3_6/src -s include  "SHELL=CMD" "COMPILER=arm-none-eabi-gcc" "ASSEMBLER=arm-none-eabi-as"
 "ARCHIVER=arm-none-eabi-ar" "COMPILER_FLAGS=  -O2 -c" "EXTRA_COMPILER_FLAGS=-mcpu=cortex-a9 -mfpu=vfpv3 -mfloat-abi=hard -nost
artfiles -g -Wall -Wextra"

make[1]: Entering directory 'D:/project/Final_Project/SHJ/VITIS/system_wrapper/zynq_fsbl/zynq_fsbl_bsp/ps7_cortexa9_0/libsrc/de
vcfg_v3_6/src'

make[1]: Leaving directory 'D:/project/Final_Project/SHJ/VITIS/system_wrapper/zynq_fsbl/zynq_fsbl_bsp/ps7_cortexa9_0/libsrc/dev
cfg_v3_6/src'

"Running Make include in ps7_cortexa9_0/libsrc/dmaps_v2_6/src"

make -C ps7_cortexa9_0/libsrc/dmaps_v2_6/src -s include  "SHELL=CMD" "COMPILER=arm-none-eabi-gcc" "ASSEMBLER=arm-none-eabi-as" 
"ARCHIVER=arm-none-eabi-ar" "COMPILER_FLAGS=  -O2 -c" "EXTRA_COMPILER_FLAGS=-mcpu=cortex-a9 -mfpu=vfpv3 -mfloat-abi=hard -nosta
rtfiles -g -Wall -Wextra"

make[1]: Entering directory 'D:/project/Final_Project/SHJ/VITIS/system_wrapper/zynq_fsbl/zynq_fsbl_bsp/ps7_cortexa9_0/libsrc/dm
aps_v2_6/src'

make[1]: Leaving directory 'D:/project/Final_Project/SHJ/VITIS/system_wrapper/zynq_fsbl/zynq_fsbl_bsp/ps7_cortexa9_0/libsrc/dma
ps_v2_6/src'

"Running Make include in ps7_cortexa9_0/libsrc/emacps_v3_11/src"

make -C ps7_cortexa9_0/libsrc/emacps_v3_11/src -s include  "SHELL=CMD" "COMPILER=arm-none-eabi-gcc" "ASSEMBLER=arm-none-eabi-as
" "ARCHIVER=arm-none-eabi-ar" "COMPILER_FLAGS=  -O2 -c" "EXTRA_COMPILER_FLAGS=-mcpu=cortex-a9 -mfpu=vfpv3 -mfloat-abi=hard -nos
tartfiles -g -Wall -Wextra"

make[1]: Entering directory 'D:/project/Final_Project/SHJ/VITIS/system_wrapper/zynq_fsbl/zynq_fsbl_bsp/ps7_cortexa9_0/libsrc/em
acps_v3_11/src'

make[1]: Leaving directory 'D:/project/Final_Project/SHJ/VITIS/system_wrapper/zynq_fsbl/zynq_fsbl_bsp/ps7_cortexa9_0/libsrc/ema
cps_v3_11/src'

"Running Make include in ps7_cortexa9_0/libsrc/gpiops_v3_7/src"

make -C ps7_cortexa9_0/libsrc/gpiops_v3_7/src -s include  "SHELL=CMD" "COMPILER=arm-none-eabi-gcc" "ASSEMBLER=arm-none-eabi-as"
 "ARCHIVER=arm-none-eabi-ar" "COMPILER_FLAGS=  -O2 -c" "EXTRA_COMPILER_FLAGS=-mcpu=cortex-a9 -mfpu=vfpv3 -mfloat-abi=hard -nost
artfiles -g -Wall -Wextra"

make[1]: Entering directory 'D:/project/Final_Project/SHJ/VITIS/system_wrapper/zynq_fsbl/zynq_fsbl_bsp/ps7_cortexa9_0/libsrc/gp
iops_v3_7/src'

make[1]: Leaving directory 'D:/project/Final_Project/SHJ/VITIS/system_wrapper/zynq_fsbl/zynq_fsbl_bsp/ps7_cortexa9_0/libsrc/gpi
ops_v3_7/src'

"Running Make include in ps7_cortexa9_0/libsrc/iicps_v3_11/src"

make -C ps7_cortexa9_0/libsrc/iicps_v3_11/src -s include  "SHELL=CMD" "COMPILER=arm-none-eabi-gcc" "ASSEMBLER=arm-none-eabi-as"
 "ARCHIVER=arm-none-eabi-ar" "COMPILER_FLAGS=  -O2 -c" "EXTRA_COMPILER_FLAGS=-mcpu=cortex-a9 -mfpu=vfpv3 -mfloat-abi=hard -nost
artfiles -g -Wall -Wextra"

make[1]: Entering directory 'D:/project/Final_Project/SHJ/VITIS/system_wrapper/zynq_fsbl/zynq_fsbl_bsp/ps7_cortexa9_0/libsrc/ii
cps_v3_11/src'

make[1]: Leaving directory 'D:/project/Final_Project/SHJ/VITIS/system_wrapper/zynq_fsbl/zynq_fsbl_bsp/ps7_cortexa9_0/libsrc/iic
ps_v3_11/src'

"Running Make include in ps7_cortexa9_0/libsrc/MIPI_CSI_2_RX_v1_0/src"

make -C ps7_cortexa9_0/libsrc/MIPI_CSI_2_RX_v1_0/src -s include  "SHELL=CMD" "COMPILER=arm-none-eabi-gcc" "ASSEMBLER=arm-none-e
abi-as" "ARCHIVER=arm-none-eabi-ar" "COMPILER_FLAGS=  -O2 -c" "EXTRA_COMPILER_FLAGS=-mcpu=cortex-a9 -mfpu=vfpv3 -mfloat-abi=har
d -nostartfiles -g -Wall -Wextra"

make[1]: Entering directory 'D:/project/Final_Project/SHJ/VITIS/system_wrapper/zynq_fsbl/zynq_fsbl_bsp/ps7_cortexa9_0/libsrc/MI
PI_CSI_2_RX_v1_0/src'

make[1]: Leaving directory 'D:/project/Final_Project/SHJ/VITIS/system_wrapper/zynq_fsbl/zynq_fsbl_bsp/ps7_cortexa9_0/libsrc/MIP
I_CSI_2_RX_v1_0/src'

"Running Make include in ps7_cortexa9_0/libsrc/MIPI_D_PHY_RX_v1_0/src"

make -C ps7_cortexa9_0/libsrc/MIPI_D_PHY_RX_v1_0/src -s include  "SHELL=CMD" "COMPILER=arm-none-eabi-gcc" "ASSEMBLER=arm-none-e
abi-as" "ARCHIVER=arm-none-eabi-ar" "COMPILER_FLAGS=  -O2 -c" "EXTRA_COMPILER_FLAGS=-mcpu=cortex-a9 -mfpu=vfpv3 -mfloat-abi=har
d -nostartfiles -g -Wall -Wextra"

make[1]: Entering directory 'D:/project/Final_Project/SHJ/VITIS/system_wrapper/zynq_fsbl/zynq_fsbl_bsp/ps7_cortexa9_0/libsrc/MI
PI_D_PHY_RX_v1_0/src'

make[1]: Leaving directory 'D:/project/Final_Project/SHJ/VITIS/system_wrapper/zynq_fsbl/zynq_fsbl_bsp/ps7_cortexa9_0/libsrc/MIP
I_D_PHY_RX_v1_0/src'

"Running Make include in ps7_cortexa9_0/libsrc/qspips_v3_7/src"

make -C ps7_cortexa9_0/libsrc/qspips_v3_7/src -s include  "SHELL=CMD" "COMPILER=arm-none-eabi-gcc" "ASSEMBLER=arm-none-eabi-as"
 "ARCHIVER=arm-none-eabi-ar" "COMPILER_FLAGS=  -O2 -c" "EXTRA_COMPILER_FLAGS=-mcpu=cortex-a9 -mfpu=vfpv3 -mfloat-abi=hard -nost
artfiles -g -Wall -Wextra"

make[1]: Entering directory 'D:/project/Final_Project/SHJ/VITIS/system_wrapper/zynq_fsbl/zynq_fsbl_bsp/ps7_cortexa9_0/libsrc/qs
pips_v3_7/src'

make[1]: Leaving directory 'D:/project/Final_Project/SHJ/VITIS/system_wrapper/zynq_fsbl/zynq_fsbl_bsp/ps7_cortexa9_0/libsrc/qsp
ips_v3_7/src'

"Running Make include in ps7_cortexa9_0/libsrc/scugic_v4_2/src"

make -C ps7_cortexa9_0/libsrc/scugic_v4_2/src -s include  "SHELL=CMD" "COMPILER=arm-none-eabi-gcc" "ASSEMBLER=arm-none-eabi-as"
 "ARCHIVER=arm-none-eabi-ar" "COMPILER_FLAGS=  -O2 -c" "EXTRA_COMPILER_FLAGS=-mcpu=cortex-a9 -mfpu=vfpv3 -mfloat-abi=hard -nost
artfiles -g -Wall -Wextra"

make[1]: Entering directory 'D:/project/Final_Project/SHJ/VITIS/system_wrapper/zynq_fsbl/zynq_fsbl_bsp/ps7_cortexa9_0/libsrc/sc
ugic_v4_2/src'

make[1]: Leaving directory 'D:/project/Final_Project/SHJ/VITIS/system_wrapper/zynq_fsbl/zynq_fsbl_bsp/ps7_cortexa9_0/libsrc/scu
gic_v4_2/src'

"Running Make include in ps7_cortexa9_0/libsrc/scutimer_v2_2/src"

make -C ps7_cortexa9_0/libsrc/scutimer_v2_2/src -s include  "SHELL=CMD" "COMPILER=arm-none-eabi-gcc" "ASSEMBLER=arm-none-eabi-a
s" "ARCHIVER=arm-none-eabi-ar" "COMPILER_FLAGS=  -O2 -c" "EXTRA_COMPILER_FLAGS=-mcpu=cortex-a9 -mfpu=vfpv3 -mfloat-abi=hard -no
startfiles -g -Wall -Wextra"

make[1]: Entering directory 'D:/project/Final_Project/SHJ/VITIS/system_wrapper/zynq_fsbl/zynq_fsbl_bsp/ps7_cortexa9_0/libsrc/sc
utimer_v2_2/src'

make[1]: Leaving directory 'D:/project/Final_Project/SHJ/VITIS/system_wrapper/zynq_fsbl/zynq_fsbl_bsp/ps7_cortexa9_0/libsrc/scu
timer_v2_2/src'

"Running Make include in ps7_cortexa9_0/libsrc/scuwdt_v2_2/src"

make -C ps7_cortexa9_0/libsrc/scuwdt_v2_2/src -s include  "SHELL=CMD" "COMPILER=arm-none-eabi-gcc" "ASSEMBLER=arm-none-eabi-as"
 "ARCHIVER=arm-none-eabi-ar" "COMPILER_FLAGS=  -O2 -c" "EXTRA_COMPILER_FLAGS=-mcpu=cortex-a9 -mfpu=vfpv3 -mfloat-abi=hard -nost
artfiles -g -Wall -Wextra"

make[1]: Entering directory 'D:/project/Final_Project/SHJ/VITIS/system_wrapper/zynq_fsbl/zynq_fsbl_bsp/ps7_cortexa9_0/libsrc/sc
uwdt_v2_2/src'

make[1]: Leaving directory 'D:/project/Final_Project/SHJ/VITIS/system_wrapper/zynq_fsbl/zynq_fsbl_bsp/ps7_cortexa9_0/libsrc/scu
wdt_v2_2/src'

"Running Make include in ps7_cortexa9_0/libsrc/sdps_v3_9/src"

make -C ps7_cortexa9_0/libsrc/sdps_v3_9/src -s include  "SHELL=CMD" "COMPILER=arm-none-eabi-gcc" "ASSEMBLER=arm-none-eabi-as" "
ARCHIVER=arm-none-eabi-ar" "COMPILER_FLAGS=  -O2 -c" "EXTRA_COMPILER_FLAGS=-mcpu=cortex-a9 -mfpu=vfpv3 -mfloat-abi=hard -nostar
tfiles -g -Wall -Wextra"

make[1]: Entering directory 'D:/project/Final_Project/SHJ/VITIS/system_wrapper/zynq_fsbl/zynq_fsbl_bsp/ps7_cortexa9_0/libsrc/sd
ps_v3_9/src'

make[1]: Leaving directory 'D:/project/Final_Project/SHJ/VITIS/system_wrapper/zynq_fsbl/zynq_fsbl_bsp/ps7_cortexa9_0/libsrc/sdp
s_v3_9/src'

"Running Make include in ps7_cortexa9_0/libsrc/standalone_v7_2/src"

make -C ps7_cortexa9_0/libsrc/standalone_v7_2/src -s include  "SHELL=CMD" "COMPILER=arm-none-eabi-gcc" "ASSEMBLER=arm-none-eabi
-as" "ARCHIVER=arm-none-eabi-ar" "COMPILER_FLAGS=  -O2 -c" "EXTRA_COMPILER_FLAGS=-mcpu=cortex-a9 -mfpu=vfpv3 -mfloat-abi=hard -
nostartfiles -g -Wall -Wextra"

make[1]: Entering directory 'D:/project/Final_Project/SHJ/VITIS/system_wrapper/zynq_fsbl/zynq_fsbl_bsp/ps7_cortexa9_0/libsrc/st
andalone_v7_2/src'

make[2]: Entering directory 'D:/project/Final_Project/SHJ/VITIS/system_wrapper/zynq_fsbl/zynq_fsbl_bsp/ps7_cortexa9_0/libsrc/st
andalone_v7_2/src/profile'

make[2]: Leaving directory 'D:/project/Final_Project/SHJ/VITIS/system_wrapper/zynq_fsbl/zynq_fsbl_bsp/ps7_cortexa9_0/libsrc/sta
ndalone_v7_2/src/profile'

make[1]: Leaving directory 'D:/project/Final_Project/SHJ/VITIS/system_wrapper/zynq_fsbl/zynq_fsbl_bsp/ps7_cortexa9_0/libsrc/sta
ndalone_v7_2/src'

"Running Make include in ps7_cortexa9_0/libsrc/uartps_v3_9/src"

make -C ps7_cortexa9_0/libsrc/uartps_v3_9/src -s include  "SHELL=CMD" "COMPILER=arm-none-eabi-gcc" "ASSEMBLER=arm-none-eabi-as"
 "ARCHIVER=arm-none-eabi-ar" "COMPILER_FLAGS=  -O2 -c" "EXTRA_COMPILER_FLAGS=-mcpu=cortex-a9 -mfpu=vfpv3 -mfloat-abi=hard -nost
artfiles -g -Wall -Wextra"

make[1]: Entering directory 'D:/project/Final_Project/SHJ/VITIS/system_wrapper/zynq_fsbl/zynq_fsbl_bsp/ps7_cortexa9_0/libsrc/ua
rtps_v3_9/src'

make[1]: Leaving directory 'D:/project/Final_Project/SHJ/VITIS/system_wrapper/zynq_fsbl/zynq_fsbl_bsp/ps7_cortexa9_0/libsrc/uar
tps_v3_9/src'

"Running Make include in ps7_cortexa9_0/libsrc/usbps_v2_5/src"

make -C ps7_cortexa9_0/libsrc/usbps_v2_5/src -s include  "SHELL=CMD" "COMPILER=arm-none-eabi-gcc" "ASSEMBLER=arm-none-eabi-as" 
"ARCHIVER=arm-none-eabi-ar" "COMPILER_FLAGS=  -O2 -c" "EXTRA_COMPILER_FLAGS=-mcpu=cortex-a9 -mfpu=vfpv3 -mfloat-abi=hard -nosta
rtfiles -g -Wall -Wextra"

make[1]: Entering directory 'D:/project/Final_Project/SHJ/VITIS/system_wrapper/zynq_fsbl/zynq_fsbl_bsp/ps7_cortexa9_0/libsrc/us
bps_v2_5/src'

make[1]: Leaving directory 'D:/project/Final_Project/SHJ/VITIS/system_wrapper/zynq_fsbl/zynq_fsbl_bsp/ps7_cortexa9_0/libsrc/usb
ps_v2_5/src'

"Running Make include in ps7_cortexa9_0/libsrc/vtc_v8_2/src"

make -C ps7_cortexa9_0/libsrc/vtc_v8_2/src -s include  "SHELL=CMD" "COMPILER=arm-none-eabi-gcc" "ASSEMBLER=arm-none-eabi-as" "A
RCHIVER=arm-none-eabi-ar" "COMPILER_FLAGS=  -O2 -c" "EXTRA_COMPILER_FLAGS=-mcpu=cortex-a9 -mfpu=vfpv3 -mfloat-abi=hard -nostart
files -g -Wall -Wextra"

make[1]: Entering directory 'D:/project/Final_Project/SHJ/VITIS/system_wrapper/zynq_fsbl/zynq_fsbl_bsp/ps7_cortexa9_0/libsrc/vt
c_v8_2/src'

make[1]: Leaving directory 'D:/project/Final_Project/SHJ/VITIS/system_wrapper/zynq_fsbl/zynq_fsbl_bsp/ps7_cortexa9_0/libsrc/vtc
_v8_2/src'

"Running Make include in ps7_cortexa9_0/libsrc/xadcps_v2_4/src"

make -C ps7_cortexa9_0/libsrc/xadcps_v2_4/src -s include  "SHELL=CMD" "COMPILER=arm-none-eabi-gcc" "ASSEMBLER=arm-none-eabi-as"
 "ARCHIVER=arm-none-eabi-ar" "COMPILER_FLAGS=  -O2 -c" "EXTRA_COMPILER_FLAGS=-mcpu=cortex-a9 -mfpu=vfpv3 -mfloat-abi=hard -nost
artfiles -g -Wall -Wextra"

make[1]: Entering directory 'D:/project/Final_Project/SHJ/VITIS/system_wrapper/zynq_fsbl/zynq_fsbl_bsp/ps7_cortexa9_0/libsrc/xa
dcps_v2_4/src'

make[1]: Leaving directory 'D:/project/Final_Project/SHJ/VITIS/system_wrapper/zynq_fsbl/zynq_fsbl_bsp/ps7_cortexa9_0/libsrc/xad
cps_v2_4/src'

"Running Make include in ps7_cortexa9_0/libsrc/xilffs_v4_3/src"

make -C ps7_cortexa9_0/libsrc/xilffs_v4_3/src -s include  "SHELL=CMD" "COMPILER=arm-none-eabi-gcc" "ASSEMBLER=arm-none-eabi-as"
 "ARCHIVER=arm-none-eabi-ar" "COMPILER_FLAGS=  -O2 -c" "EXTRA_COMPILER_FLAGS=-mcpu=cortex-a9 -mfpu=vfpv3 -mfloat-abi=hard -nost
artfiles -g -Wall -Wextra"

make[1]: Entering directory 'D:/project/Final_Project/SHJ/VITIS/system_wrapper/zynq_fsbl/zynq_fsbl_bsp/ps7_cortexa9_0/libsrc/xi
lffs_v4_3/src'

make[1]: Leaving directory 'D:/project/Final_Project/SHJ/VITIS/system_wrapper/zynq_fsbl/zynq_fsbl_bsp/ps7_cortexa9_0/libsrc/xil
ffs_v4_3/src'

"Running Make include in ps7_cortexa9_0/libsrc/xilrsa_v1_6/src"

make -C ps7_cortexa9_0/libsrc/xilrsa_v1_6/src -s include  "SHELL=CMD" "COMPILER=arm-none-eabi-gcc" "ASSEMBLER=arm-none-eabi-as"
 "ARCHIVER=arm-none-eabi-ar" "COMPILER_FLAGS=  -O2 -c" "EXTRA_COMPILER_FLAGS=-mcpu=cortex-a9 -mfpu=vfpv3 -mfloat-abi=hard -nost
artfiles -g -Wall -Wextra"

make[1]: Entering directory 'D:/project/Final_Project/SHJ/VITIS/system_wrapper/zynq_fsbl/zynq_fsbl_bsp/ps7_cortexa9_0/libsrc/xi
lrsa_v1_6/src'

make[1]: Leaving directory 'D:/project/Final_Project/SHJ/VITIS/system_wrapper/zynq_fsbl/zynq_fsbl_bsp/ps7_cortexa9_0/libsrc/xil
rsa_v1_6/src'

"Running Make libs in ps7_cortexa9_0/libsrc/axivdma_v6_7/src"

make -C ps7_cortexa9_0/libsrc/axivdma_v6_7/src -s libs  "SHELL=CMD" "COMPILER=arm-none-eabi-gcc" "ASSEMBLER=arm-none-eabi-as" "
ARCHIVER=arm-none-eabi-ar" "COMPILER_FLAGS=  -O2 -c" "EXTRA_COMPILER_FLAGS=-mcpu=cortex-a9 -mfpu=vfpv3 -mfloat-abi=hard -nostar
tfiles -g -Wall -Wextra"

make[1]: Entering directory 'D:/project/Final_Project/SHJ/VITIS/system_wrapper/zynq_fsbl/zynq_fsbl_bsp/ps7_cortexa9_0/libsrc/ax
ivdma_v6_7/src'

"Compiling axivdma"

make[1]: Leaving directory 'D:/project/Final_Project/SHJ/VITIS/system_wrapper/zynq_fsbl/zynq_fsbl_bsp/ps7_cortexa9_0/libsrc/axi
vdma_v6_7/src'

"Running Make libs in ps7_cortexa9_0/libsrc/clk_wiz_v1_3/src"

make -C ps7_cortexa9_0/libsrc/clk_wiz_v1_3/src -s libs  "SHELL=CMD" "COMPILER=arm-none-eabi-gcc" "ASSEMBLER=arm-none-eabi-as" "
ARCHIVER=arm-none-eabi-ar" "COMPILER_FLAGS=  -O2 -c" "EXTRA_COMPILER_FLAGS=-mcpu=cortex-a9 -mfpu=vfpv3 -mfloat-abi=hard -nostar
tfiles -g -Wall -Wextra"

make[1]: Entering directory 'D:/project/Final_Project/SHJ/VITIS/system_wrapper/zynq_fsbl/zynq_fsbl_bsp/ps7_cortexa9_0/libsrc/cl
k_wiz_v1_3/src'

"Compiling Clkocking Wizard"

make[1]: Leaving directory 'D:/project/Final_Project/SHJ/VITIS/system_wrapper/zynq_fsbl/zynq_fsbl_bsp/ps7_cortexa9_0/libsrc/clk
_wiz_v1_3/src'

"Running Make libs in ps7_cortexa9_0/libsrc/coresightps_dcc_v1_7/src"

make -C ps7_cortexa9_0/libsrc/coresightps_dcc_v1_7/src -s libs  "SHELL=CMD" "COMPILER=arm-none-eabi-gcc" "ASSEMBLER=arm-none-ea
bi-as" "ARCHIVER=arm-none-eabi-ar" "COMPILER_FLAGS=  -O2 -c" "EXTRA_COMPILER_FLAGS=-mcpu=cortex-a9 -mfpu=vfpv3 -mfloat-abi=hard
 -nostartfiles -g -Wall -Wextra"

make[1]: Entering directory 'D:/project/Final_Project/SHJ/VITIS/system_wrapper/zynq_fsbl/zynq_fsbl_bsp/ps7_cortexa9_0/libsrc/co
resightps_dcc_v1_7/src'

"Compiling coresightps_dcc"

make[1]: Leaving directory 'D:/project/Final_Project/SHJ/VITIS/system_wrapper/zynq_fsbl/zynq_fsbl_bsp/ps7_cortexa9_0/libsrc/cor
esightps_dcc_v1_7/src'

"Running Make libs in ps7_cortexa9_0/libsrc/cpu_cortexa9_v2_9/src"

make -C ps7_cortexa9_0/libsrc/cpu_cortexa9_v2_9/src -s libs  "SHELL=CMD" "COMPILER=arm-none-eabi-gcc" "ASSEMBLER=arm-none-eabi-
as" "ARCHIVER=arm-none-eabi-ar" "COMPILER_FLAGS=  -O2 -c" "EXTRA_COMPILER_FLAGS=-mcpu=cortex-a9 -mfpu=vfpv3 -mfloat-abi=hard -n
ostartfiles -g -Wall -Wextra"

make[1]: Entering directory 'D:/project/Final_Project/SHJ/VITIS/system_wrapper/zynq_fsbl/zynq_fsbl_bsp/ps7_cortexa9_0/libsrc/cp
u_cortexa9_v2_9/src'

"Compiling cpu_cortexa9"

make[1]: Leaving directory 'D:/project/Final_Project/SHJ/VITIS/system_wrapper/zynq_fsbl/zynq_fsbl_bsp/ps7_cortexa9_0/libsrc/cpu
_cortexa9_v2_9/src'

"Running Make libs in ps7_cortexa9_0/libsrc/ddrps_v1_1/src"

make -C ps7_cortexa9_0/libsrc/ddrps_v1_1/src -s libs  "SHELL=CMD" "COMPILER=arm-none-eabi-gcc" "ASSEMBLER=arm-none-eabi-as" "AR
CHIVER=arm-none-eabi-ar" "COMPILER_FLAGS=  -O2 -c" "EXTRA_COMPILER_FLAGS=-mcpu=cortex-a9 -mfpu=vfpv3 -mfloat-abi=hard -nostartf
iles -g -Wall -Wextra"

make[1]: Entering directory 'D:/project/Final_Project/SHJ/VITIS/system_wrapper/zynq_fsbl/zynq_fsbl_bsp/ps7_cortexa9_0/libsrc/dd
rps_v1_1/src'

"Compiling ddrps"

make[1]: Leaving directory 'D:/project/Final_Project/SHJ/VITIS/system_wrapper/zynq_fsbl/zynq_fsbl_bsp/ps7_cortexa9_0/libsrc/ddr
ps_v1_1/src'

"Running Make libs in ps7_cortexa9_0/libsrc/devcfg_v3_6/src"

make -C ps7_cortexa9_0/libsrc/devcfg_v3_6/src -s libs  "SHELL=CMD" "COMPILER=arm-none-eabi-gcc" "ASSEMBLER=arm-none-eabi-as" "A
RCHIVER=arm-none-eabi-ar" "COMPILER_FLAGS=  -O2 -c" "EXTRA_COMPILER_FLAGS=-mcpu=cortex-a9 -mfpu=vfpv3 -mfloat-abi=hard -nostart
files -g -Wall -Wextra"

make[1]: Entering directory 'D:/project/Final_Project/SHJ/VITIS/system_wrapper/zynq_fsbl/zynq_fsbl_bsp/ps7_cortexa9_0/libsrc/de
vcfg_v3_6/src'

"Compiling devcfg"

make[1]: Leaving directory 'D:/project/Final_Project/SHJ/VITIS/system_wrapper/zynq_fsbl/zynq_fsbl_bsp/ps7_cortexa9_0/libsrc/dev
cfg_v3_6/src'

"Running Make libs in ps7_cortexa9_0/libsrc/dmaps_v2_6/src"

make -C ps7_cortexa9_0/libsrc/dmaps_v2_6/src -s libs  "SHELL=CMD" "COMPILER=arm-none-eabi-gcc" "ASSEMBLER=arm-none-eabi-as" "AR
CHIVER=arm-none-eabi-ar" "COMPILER_FLAGS=  -O2 -c" "EXTRA_COMPILER_FLAGS=-mcpu=cortex-a9 -mfpu=vfpv3 -mfloat-abi=hard -nostartf
iles -g -Wall -Wextra"

make[1]: Entering directory 'D:/project/Final_Project/SHJ/VITIS/system_wrapper/zynq_fsbl/zynq_fsbl_bsp/ps7_cortexa9_0/libsrc/dm
aps_v2_6/src'

"Compiling dmaps"

make[1]: Leaving directory 'D:/project/Final_Project/SHJ/VITIS/system_wrapper/zynq_fsbl/zynq_fsbl_bsp/ps7_cortexa9_0/libsrc/dma
ps_v2_6/src'

"Running Make libs in ps7_cortexa9_0/libsrc/emacps_v3_11/src"

make -C ps7_cortexa9_0/libsrc/emacps_v3_11/src -s libs  "SHELL=CMD" "COMPILER=arm-none-eabi-gcc" "ASSEMBLER=arm-none-eabi-as" "
ARCHIVER=arm-none-eabi-ar" "COMPILER_FLAGS=  -O2 -c" "EXTRA_COMPILER_FLAGS=-mcpu=cortex-a9 -mfpu=vfpv3 -mfloat-abi=hard -nostar
tfiles -g -Wall -Wextra"

make[1]: Entering directory 'D:/project/Final_Project/SHJ/VITIS/system_wrapper/zynq_fsbl/zynq_fsbl_bsp/ps7_cortexa9_0/libsrc/em
acps_v3_11/src'

"Compiling emacps"

make[1]: Leaving directory 'D:/project/Final_Project/SHJ/VITIS/system_wrapper/zynq_fsbl/zynq_fsbl_bsp/ps7_cortexa9_0/libsrc/ema
cps_v3_11/src'

"Running Make libs in ps7_cortexa9_0/libsrc/gpiops_v3_7/src"

make -C ps7_cortexa9_0/libsrc/gpiops_v3_7/src -s libs  "SHELL=CMD" "COMPILER=arm-none-eabi-gcc" "ASSEMBLER=arm-none-eabi-as" "A
RCHIVER=arm-none-eabi-ar" "COMPILER_FLAGS=  -O2 -c" "EXTRA_COMPILER_FLAGS=-mcpu=cortex-a9 -mfpu=vfpv3 -mfloat-abi=hard -nostart
files -g -Wall -Wextra"

make[1]: Entering directory 'D:/project/Final_Project/SHJ/VITIS/system_wrapper/zynq_fsbl/zynq_fsbl_bsp/ps7_cortexa9_0/libsrc/gp
iops_v3_7/src'

"Compiling gpiops"

make[1]: Leaving directory 'D:/project/Final_Project/SHJ/VITIS/system_wrapper/zynq_fsbl/zynq_fsbl_bsp/ps7_cortexa9_0/libsrc/gpi
ops_v3_7/src'

"Running Make libs in ps7_cortexa9_0/libsrc/iicps_v3_11/src"

make -C ps7_cortexa9_0/libsrc/iicps_v3_11/src -s libs  "SHELL=CMD" "COMPILER=arm-none-eabi-gcc" "ASSEMBLER=arm-none-eabi-as" "A
RCHIVER=arm-none-eabi-ar" "COMPILER_FLAGS=  -O2 -c" "EXTRA_COMPILER_FLAGS=-mcpu=cortex-a9 -mfpu=vfpv3 -mfloat-abi=hard -nostart
files -g -Wall -Wextra"

make[1]: Entering directory 'D:/project/Final_Project/SHJ/VITIS/system_wrapper/zynq_fsbl/zynq_fsbl_bsp/ps7_cortexa9_0/libsrc/ii
cps_v3_11/src'

"Compiling iicps"

make[1]: Leaving directory 'D:/project/Final_Project/SHJ/VITIS/system_wrapper/zynq_fsbl/zynq_fsbl_bsp/ps7_cortexa9_0/libsrc/iic
ps_v3_11/src'

"Running Make libs in ps7_cortexa9_0/libsrc/MIPI_CSI_2_RX_v1_0/src"

make -C ps7_cortexa9_0/libsrc/MIPI_CSI_2_RX_v1_0/src -s libs  "SHELL=CMD" "COMPILER=arm-none-eabi-gcc" "ASSEMBLER=arm-none-eabi
-as" "ARCHIVER=arm-none-eabi-ar" "COMPILER_FLAGS=  -O2 -c" "EXTRA_COMPILER_FLAGS=-mcpu=cortex-a9 -mfpu=vfpv3 -mfloat-abi=hard -
nostartfiles -g -Wall -Wextra"

make[1]: Entering directory 'D:/project/Final_Project/SHJ/VITIS/system_wrapper/zynq_fsbl/zynq_fsbl_bsp/ps7_cortexa9_0/libsrc/MI
PI_CSI_2_RX_v1_0/src'

"Compiling MIPI_CSI_2_RX"

make[1]: Leaving directory 'D:/project/Final_Project/SHJ/VITIS/system_wrapper/zynq_fsbl/zynq_fsbl_bsp/ps7_cortexa9_0/libsrc/MIP
I_CSI_2_RX_v1_0/src'

"Running Make libs in ps7_cortexa9_0/libsrc/MIPI_D_PHY_RX_v1_0/src"

make -C ps7_cortexa9_0/libsrc/MIPI_D_PHY_RX_v1_0/src -s libs  "SHELL=CMD" "COMPILER=arm-none-eabi-gcc" "ASSEMBLER=arm-none-eabi
-as" "ARCHIVER=arm-none-eabi-ar" "COMPILER_FLAGS=  -O2 -c" "EXTRA_COMPILER_FLAGS=-mcpu=cortex-a9 -mfpu=vfpv3 -mfloat-abi=hard -
nostartfiles -g -Wall -Wextra"

make[1]: Entering directory 'D:/project/Final_Project/SHJ/VITIS/system_wrapper/zynq_fsbl/zynq_fsbl_bsp/ps7_cortexa9_0/libsrc/MI
PI_D_PHY_RX_v1_0/src'

"Compiling MIPI_D_PHY_RX"

make[1]: Leaving directory 'D:/project/Final_Project/SHJ/VITIS/system_wrapper/zynq_fsbl/zynq_fsbl_bsp/ps7_cortexa9_0/libsrc/MIP
I_D_PHY_RX_v1_0/src'

"Running Make libs in ps7_cortexa9_0/libsrc/qspips_v3_7/src"

make -C ps7_cortexa9_0/libsrc/qspips_v3_7/src -s libs  "SHELL=CMD" "COMPILER=arm-none-eabi-gcc" "ASSEMBLER=arm-none-eabi-as" "A
RCHIVER=arm-none-eabi-ar" "COMPILER_FLAGS=  -O2 -c" "EXTRA_COMPILER_FLAGS=-mcpu=cortex-a9 -mfpu=vfpv3 -mfloat-abi=hard -nostart
files -g -Wall -Wextra"

make[1]: Entering directory 'D:/project/Final_Project/SHJ/VITIS/system_wrapper/zynq_fsbl/zynq_fsbl_bsp/ps7_cortexa9_0/libsrc/qs
pips_v3_7/src'

"Compiling qspips"

make[1]: Leaving directory 'D:/project/Final_Project/SHJ/VITIS/system_wrapper/zynq_fsbl/zynq_fsbl_bsp/ps7_cortexa9_0/libsrc/qsp
ips_v3_7/src'

"Running Make libs in ps7_cortexa9_0/libsrc/scugic_v4_2/src"

make -C ps7_cortexa9_0/libsrc/scugic_v4_2/src -s libs  "SHELL=CMD" "COMPILER=arm-none-eabi-gcc" "ASSEMBLER=arm-none-eabi-as" "A
RCHIVER=arm-none-eabi-ar" "COMPILER_FLAGS=  -O2 -c" "EXTRA_COMPILER_FLAGS=-mcpu=cortex-a9 -mfpu=vfpv3 -mfloat-abi=hard -nostart
files -g -Wall -Wextra"

make[1]: Entering directory 'D:/project/Final_Project/SHJ/VITIS/system_wrapper/zynq_fsbl/zynq_fsbl_bsp/ps7_cortexa9_0/libsrc/sc
ugic_v4_2/src'

"Compiling scugic"

make[1]: Leaving directory 'D:/project/Final_Project/SHJ/VITIS/system_wrapper/zynq_fsbl/zynq_fsbl_bsp/ps7_cortexa9_0/libsrc/scu
gic_v4_2/src'

"Running Make libs in ps7_cortexa9_0/libsrc/scutimer_v2_2/src"

make -C ps7_cortexa9_0/libsrc/scutimer_v2_2/src -s libs  "SHELL=CMD" "COMPILER=arm-none-eabi-gcc" "ASSEMBLER=arm-none-eabi-as" 
"ARCHIVER=arm-none-eabi-ar" "COMPILER_FLAGS=  -O2 -c" "EXTRA_COMPILER_FLAGS=-mcpu=cortex-a9 -mfpu=vfpv3 -mfloat-abi=hard -nosta
rtfiles -g -Wall -Wextra"

make[1]: Entering directory 'D:/project/Final_Project/SHJ/VITIS/system_wrapper/zynq_fsbl/zynq_fsbl_bsp/ps7_cortexa9_0/libsrc/sc
utimer_v2_2/src'

"Compiling scutimer"

make[1]: Leaving directory 'D:/project/Final_Project/SHJ/VITIS/system_wrapper/zynq_fsbl/zynq_fsbl_bsp/ps7_cortexa9_0/libsrc/scu
timer_v2_2/src'

"Running Make libs in ps7_cortexa9_0/libsrc/scuwdt_v2_2/src"

make -C ps7_cortexa9_0/libsrc/scuwdt_v2_2/src -s libs  "SHELL=CMD" "COMPILER=arm-none-eabi-gcc" "ASSEMBLER=arm-none-eabi-as" "A
RCHIVER=arm-none-eabi-ar" "COMPILER_FLAGS=  -O2 -c" "EXTRA_COMPILER_FLAGS=-mcpu=cortex-a9 -mfpu=vfpv3 -mfloat-abi=hard -nostart
files -g -Wall -Wextra"

make[1]: Entering directory 'D:/project/Final_Project/SHJ/VITIS/system_wrapper/zynq_fsbl/zynq_fsbl_bsp/ps7_cortexa9_0/libsrc/sc
uwdt_v2_2/src'

"Compiling scuwdt"

make[1]: Leaving directory 'D:/project/Final_Project/SHJ/VITIS/system_wrapper/zynq_fsbl/zynq_fsbl_bsp/ps7_cortexa9_0/libsrc/scu
wdt_v2_2/src'

"Running Make libs in ps7_cortexa9_0/libsrc/sdps_v3_9/src"

make -C ps7_cortexa9_0/libsrc/sdps_v3_9/src -s libs  "SHELL=CMD" "COMPILER=arm-none-eabi-gcc" "ASSEMBLER=arm-none-eabi-as" "ARC
HIVER=arm-none-eabi-ar" "COMPILER_FLAGS=  -O2 -c" "EXTRA_COMPILER_FLAGS=-mcpu=cortex-a9 -mfpu=vfpv3 -mfloat-abi=hard -nostartfi
les -g -Wall -Wextra"

make[1]: Entering directory 'D:/project/Final_Project/SHJ/VITIS/system_wrapper/zynq_fsbl/zynq_fsbl_bsp/ps7_cortexa9_0/libsrc/sd
ps_v3_9/src'

"Compiling sdps"

make[1]: Leaving directory 'D:/project/Final_Project/SHJ/VITIS/system_wrapper/zynq_fsbl/zynq_fsbl_bsp/ps7_cortexa9_0/libsrc/sdp
s_v3_9/src'

"Running Make libs in ps7_cortexa9_0/libsrc/standalone_v7_2/src"

make -C ps7_cortexa9_0/libsrc/standalone_v7_2/src -s libs  "SHELL=CMD" "COMPILER=arm-none-eabi-gcc" "ASSEMBLER=arm-none-eabi-as
" "ARCHIVER=arm-none-eabi-ar" "COMPILER_FLAGS=  -O2 -c" "EXTRA_COMPILER_FLAGS=-mcpu=cortex-a9 -mfpu=vfpv3 -mfloat-abi=hard -nos
tartfiles -g -Wall -Wextra"

make[1]: Entering directory 'D:/project/Final_Project/SHJ/VITIS/system_wrapper/zynq_fsbl/zynq_fsbl_bsp/ps7_cortexa9_0/libsrc/st
andalone_v7_2/src'

"Compiling standalone"

In file included from usleep.c:34:
xtime_l.h:65:9: note: #pragma message: For the sleep routines, Global timer is being used
   65 | #pragma message ("For the sleep routines, Global timer is being used")
      |         ^~~~~~~
In file included from xil_sleeptimer.c:32:
xtime_l.h:65:9: note: #pragma message: For the sleep routines, Global timer is being used
   65 | #pragma message ("For the sleep routines, Global timer is being used")
      |         ^~~~~~~
In file included from xtime_l.c:27:
xtime_l.h:65:9: note: #pragma message: For the sleep routines, Global timer is being used
   65 | #pragma message ("For the sleep routines, Global timer is being used")
      |         ^~~~~~~
In file included from sleep.c:31:
xtime_l.h:65:9: note: #pragma message: For the sleep routines, Global timer is being used
   65 | #pragma message ("For the sleep routines, Global timer is being used")
      |         ^~~~~~~
make[2]: Entering directory 'D:/project/Final_Project/SHJ/VITIS/system_wrapper/zynq_fsbl/zynq_fsbl_bsp/ps7_cortexa9_0/libsrc/st
andalone_v7_2/src/profile'

make[2]: Leaving directory 'D:/project/Final_Project/SHJ/VITIS/system_wrapper/zynq_fsbl/zynq_fsbl_bsp/ps7_cortexa9_0/libsrc/sta
ndalone_v7_2/src/profile'

make[1]: Leaving directory 'D:/project/Final_Project/SHJ/VITIS/system_wrapper/zynq_fsbl/zynq_fsbl_bsp/ps7_cortexa9_0/libsrc/sta
ndalone_v7_2/src'

"Running Make libs in ps7_cortexa9_0/libsrc/uartps_v3_9/src"

make -C ps7_cortexa9_0/libsrc/uartps_v3_9/src -s libs  "SHELL=CMD" "COMPILER=arm-none-eabi-gcc" "ASSEMBLER=arm-none-eabi-as" "A
RCHIVER=arm-none-eabi-ar" "COMPILER_FLAGS=  -O2 -c" "EXTRA_COMPILER_FLAGS=-mcpu=cortex-a9 -mfpu=vfpv3 -mfloat-abi=hard -nostart
files -g -Wall -Wextra"

make[1]: Entering directory 'D:/project/Final_Project/SHJ/VITIS/system_wrapper/zynq_fsbl/zynq_fsbl_bsp/ps7_cortexa9_0/libsrc/ua
rtps_v3_9/src'

"Compiling uartps"

make[1]: Leaving directory 'D:/project/Final_Project/SHJ/VITIS/system_wrapper/zynq_fsbl/zynq_fsbl_bsp/ps7_cortexa9_0/libsrc/uar
tps_v3_9/src'

"Running Make libs in ps7_cortexa9_0/libsrc/usbps_v2_5/src"

make -C ps7_cortexa9_0/libsrc/usbps_v2_5/src -s libs  "SHELL=CMD" "COMPILER=arm-none-eabi-gcc" "ASSEMBLER=arm-none-eabi-as" "AR
CHIVER=arm-none-eabi-ar" "COMPILER_FLAGS=  -O2 -c" "EXTRA_COMPILER_FLAGS=-mcpu=cortex-a9 -mfpu=vfpv3 -mfloat-abi=hard -nostartf
iles -g -Wall -Wextra"

make[1]: Entering directory 'D:/project/Final_Project/SHJ/VITIS/system_wrapper/zynq_fsbl/zynq_fsbl_bsp/ps7_cortexa9_0/libsrc/us
bps_v2_5/src'

"Compiling usbps"

make[1]: Leaving directory 'D:/project/Final_Project/SHJ/VITIS/system_wrapper/zynq_fsbl/zynq_fsbl_bsp/ps7_cortexa9_0/libsrc/usb
ps_v2_5/src'

"Running Make libs in ps7_cortexa9_0/libsrc/vtc_v8_2/src"

make -C ps7_cortexa9_0/libsrc/vtc_v8_2/src -s libs  "SHELL=CMD" "COMPILER=arm-none-eabi-gcc" "ASSEMBLER=arm-none-eabi-as" "ARCH
IVER=arm-none-eabi-ar" "COMPILER_FLAGS=  -O2 -c" "EXTRA_COMPILER_FLAGS=-mcpu=cortex-a9 -mfpu=vfpv3 -mfloat-abi=hard -nostartfil
es -g -Wall -Wextra"

make[1]: Entering directory 'D:/project/Final_Project/SHJ/VITIS/system_wrapper/zynq_fsbl/zynq_fsbl_bsp/ps7_cortexa9_0/libsrc/vt
c_v8_2/src'

"Compiling video timing controller"

make[2]: Entering directory 'D:/project/Final_Project/SHJ/VITIS/system_wrapper/zynq_fsbl/zynq_fsbl_bsp/ps7_cortexa9_0/libsrc/vt
c_v8_2/src'

make[2]: Leaving directory 'D:/project/Final_Project/SHJ/VITIS/system_wrapper/zynq_fsbl/zynq_fsbl_bsp/ps7_cortexa9_0/libsrc/vtc
_v8_2/src'

make[1]: Leaving directory 'D:/project/Final_Project/SHJ/VITIS/system_wrapper/zynq_fsbl/zynq_fsbl_bsp/ps7_cortexa9_0/libsrc/vtc
_v8_2/src'

"Running Make libs in ps7_cortexa9_0/libsrc/xadcps_v2_4/src"

make -C ps7_cortexa9_0/libsrc/xadcps_v2_4/src -s libs  "SHELL=CMD" "COMPILER=arm-none-eabi-gcc" "ASSEMBLER=arm-none-eabi-as" "A
RCHIVER=arm-none-eabi-ar" "COMPILER_FLAGS=  -O2 -c" "EXTRA_COMPILER_FLAGS=-mcpu=cortex-a9 -mfpu=vfpv3 -mfloat-abi=hard -nostart
files -g -Wall -Wextra"

make[1]: Entering directory 'D:/project/Final_Project/SHJ/VITIS/system_wrapper/zynq_fsbl/zynq_fsbl_bsp/ps7_cortexa9_0/libsrc/xa
dcps_v2_4/src'

"Compiling xadcps"

make[1]: Leaving directory 'D:/project/Final_Project/SHJ/VITIS/system_wrapper/zynq_fsbl/zynq_fsbl_bsp/ps7_cortexa9_0/libsrc/xad
cps_v2_4/src'

"Running Make libs in ps7_cortexa9_0/libsrc/xilffs_v4_3/src"

make -C ps7_cortexa9_0/libsrc/xilffs_v4_3/src -s libs  "SHELL=CMD" "COMPILER=arm-none-eabi-gcc" "ASSEMBLER=arm-none-eabi-as" "A
RCHIVER=arm-none-eabi-ar" "COMPILER_FLAGS=  -O2 -c" "EXTRA_COMPILER_FLAGS=-mcpu=cortex-a9 -mfpu=vfpv3 -mfloat-abi=hard -nostart
files -g -Wall -Wextra"

make[1]: Entering directory 'D:/project/Final_Project/SHJ/VITIS/system_wrapper/zynq_fsbl/zynq_fsbl_bsp/ps7_cortexa9_0/libsrc/xi
lffs_v4_3/src'

"Compiling XilFFs Library"

make[1]: Leaving directory 'D:/project/Final_Project/SHJ/VITIS/system_wrapper/zynq_fsbl/zynq_fsbl_bsp/ps7_cortexa9_0/libsrc/xil
ffs_v4_3/src'

"Running Make libs in ps7_cortexa9_0/libsrc/xilrsa_v1_6/src"

make -C ps7_cortexa9_0/libsrc/xilrsa_v1_6/src -s libs  "SHELL=CMD" "COMPILER=arm-none-eabi-gcc" "ASSEMBLER=arm-none-eabi-as" "A
RCHIVER=arm-none-eabi-ar" "COMPILER_FLAGS=  -O2 -c" "EXTRA_COMPILER_FLAGS=-mcpu=cortex-a9 -mfpu=vfpv3 -mfloat-abi=hard -nostart
files -g -Wall -Wextra"

make[1]: Entering directory 'D:/project/Final_Project/SHJ/VITIS/system_wrapper/zynq_fsbl/zynq_fsbl_bsp/ps7_cortexa9_0/libsrc/xi
lrsa_v1_6/src'

make[1]: Leaving directory 'D:/project/Final_Project/SHJ/VITIS/system_wrapper/zynq_fsbl/zynq_fsbl_bsp/ps7_cortexa9_0/libsrc/xil
rsa_v1_6/src'

'Finished building libraries'

make: Leaving directory 'D:/project/Final_Project/SHJ/VITIS/system_wrapper/zynq_fsbl/zynq_fsbl_bsp'

arm-none-eabi-gcc -MMD -MP       -mcpu=cortex-a9 -mfpu=vfpv3 -mfloat-abi=hard   -O2 -c -c sd.c -o sd.o -Izynq_fsbl_bsp/ps7_cort
exa9_0/include -I.

arm-none-eabi-gcc -MMD -MP       -mcpu=cortex-a9 -mfpu=vfpv3 -mfloat-abi=hard   -O2 -c -c nand.c -o nand.o -Izynq_fsbl_bsp/ps7_
cortexa9_0/include -I.

arm-none-eabi-gcc -MMD -MP       -mcpu=cortex-a9 -mfpu=vfpv3 -mfloat-abi=hard   -O2 -c -c image_mover.c -o image_mover.o -Izynq
_fsbl_bsp/ps7_cortexa9_0/include -I.

arm-none-eabi-gcc -MMD -MP       -mcpu=cortex-a9 -mfpu=vfpv3 -mfloat-abi=hard   -O2 -c -c md5.c -o md5.o -Izynq_fsbl_bsp/ps7_co
rtexa9_0/include -I.

arm-none-eabi-gcc -MMD -MP       -mcpu=cortex-a9 -mfpu=vfpv3 -mfloat-abi=hard   -O2 -c -c fsbl_hooks.c -o fsbl_hooks.o -Izynq_f
sbl_bsp/ps7_cortexa9_0/include -I.

arm-none-eabi-gcc -MMD -MP       -mcpu=cortex-a9 -mfpu=vfpv3 -mfloat-abi=hard   -O2 -c -c main.c -o main.o -Izynq_fsbl_bsp/ps7_
cortexa9_0/include -I.

In file included from main.c:115:
zynq_fsbl_bsp/ps7_cortexa9_0/include/xtime_l.h:65:9: note: #pragma message: For the sleep routines, Global timer is being used
   65 | #pragma message ("For the sleep routines, Global timer is being used")
      |         ^~~~~~~
arm-none-eabi-gcc -MMD -MP       -mcpu=cortex-a9 -mfpu=vfpv3 -mfloat-abi=hard   -O2 -c -c nor.c -o nor.o -Izynq_fsbl_bsp/ps7_co
rtexa9_0/include -I.

arm-none-eabi-gcc -MMD -MP       -mcpu=cortex-a9 -mfpu=vfpv3 -mfloat-abi=hard   -O2 -c -c qspi.c -o qspi.o -Izynq_fsbl_bsp/ps7_
cortexa9_0/include -I.

arm-none-eabi-gcc -MMD -MP       -mcpu=cortex-a9 -mfpu=vfpv3 -mfloat-abi=hard   -O2 -c -c ps7_init.c -o ps7_init.o -Izynq_fsbl_
bsp/ps7_cortexa9_0/include -I.

arm-none-eabi-gcc -MMD -MP       -mcpu=cortex-a9 -mfpu=vfpv3 -mfloat-abi=hard   -O2 -c -c pcap.c -o pcap.o -Izynq_fsbl_bsp/ps7_
cortexa9_0/include -I.

In file included from pcap.c:78:
zynq_fsbl_bsp/ps7_cortexa9_0/include/xtime_l.h:65:9: note: #pragma message: For the sleep routines, Global timer is being used
   65 | #pragma message ("For the sleep routines, Global timer is being used")
      |         ^~~~~~~
arm-none-eabi-gcc -o executable.elf  sd.o  nand.o  image_mover.o  md5.o  fsbl_hooks.o  main.o  nor.o  qspi.o  rsa.o  ps7_init.o
  pcap.o  fsbl_handoff.o -MMD -MP       -mcpu=cortex-a9 -mfpu=vfpv3 -mfloat-abi=hard   -mcpu=cortex-a9 -mfpu=vfpv3 -mfloat-abi=
hard -Wl,-build-id=none -specs=Xilinx.spec  -lrsa -Wl,--start-group,-lxil,-lgcc,-lc,--end-group -Wl,--start-group,-lxilffs,-lxi
l,-lgcc,-lc,--end-group -Wl,--start-group,-lrsa,-lxil,-lgcc,-lc,--end-group                                          -Wl,--gc-s
ections -Lzynq_fsbl_bsp/ps7_cortexa9_0/lib -L./ -Tlscript.ld

Building the BSP Library for domain  - domain_ps7_cortexa9_0 on processor ps7_cortexa9_0
"Running Make include in ps7_cortexa9_0/libsrc/axivdma_v6_7/src"

make -C ps7_cortexa9_0/libsrc/axivdma_v6_7/src -s include  "SHELL=CMD" "COMPILER=arm-none-eabi-gcc" "ASSEMBLER=arm-none-eabi-as
" "ARCHIVER=arm-none-eabi-ar" "COMPILER_FLAGS=  -O2 -c" "EXTRA_COMPILER_FLAGS=-mcpu=cortex-a9 -mfpu=vfpv3 -mfloat-abi=hard -nos
tartfiles -g -Wall -Wextra"

"Running Make include in ps7_cortexa9_0/libsrc/clk_wiz_v1_3/src"

make -C ps7_cortexa9_0/libsrc/clk_wiz_v1_3/src -s include  "SHELL=CMD" "COMPILER=arm-none-eabi-gcc" "ASSEMBLER=arm-none-eabi-as
" "ARCHIVER=arm-none-eabi-ar" "COMPILER_FLAGS=  -O2 -c" "EXTRA_COMPILER_FLAGS=-mcpu=cortex-a9 -mfpu=vfpv3 -mfloat-abi=hard -nos
tartfiles -g -Wall -Wextra"

"Running Make include in ps7_cortexa9_0/libsrc/coresightps_dcc_v1_7/src"

make -C ps7_cortexa9_0/libsrc/coresightps_dcc_v1_7/src -s include  "SHELL=CMD" "COMPILER=arm-none-eabi-gcc" "ASSEMBLER=arm-none
-eabi-as" "ARCHIVER=arm-none-eabi-ar" "COMPILER_FLAGS=  -O2 -c" "EXTRA_COMPILER_FLAGS=-mcpu=cortex-a9 -mfpu=vfpv3 -mfloat-abi=h
ard -nostartfiles -g -Wall -Wextra"

"Running Make include in ps7_cortexa9_0/libsrc/cpu_cortexa9_v2_9/src"

make -C ps7_cortexa9_0/libsrc/cpu_cortexa9_v2_9/src -s include  "SHELL=CMD" "COMPILER=arm-none-eabi-gcc" "ASSEMBLER=arm-none-ea
bi-as" "ARCHIVER=arm-none-eabi-ar" "COMPILER_FLAGS=  -O2 -c" "EXTRA_COMPILER_FLAGS=-mcpu=cortex-a9 -mfpu=vfpv3 -mfloat-abi=hard
 -nostartfiles -g -Wall -Wextra"

"Running Make include in ps7_cortexa9_0/libsrc/ddrps_v1_1/src"

make -C ps7_cortexa9_0/libsrc/ddrps_v1_1/src -s include  "SHELL=CMD" "COMPILER=arm-none-eabi-gcc" "ASSEMBLER=arm-none-eabi-as" 
"ARCHIVER=arm-none-eabi-ar" "COMPILER_FLAGS=  -O2 -c" "EXTRA_COMPILER_FLAGS=-mcpu=cortex-a9 -mfpu=vfpv3 -mfloat-abi=hard -nosta
rtfiles -g -Wall -Wextra"

"Running Make include in ps7_cortexa9_0/libsrc/devcfg_v3_6/src"

make -C ps7_cortexa9_0/libsrc/devcfg_v3_6/src -s include  "SHELL=CMD" "COMPILER=arm-none-eabi-gcc" "ASSEMBLER=arm-none-eabi-as"
 "ARCHIVER=arm-none-eabi-ar" "COMPILER_FLAGS=  -O2 -c" "EXTRA_COMPILER_FLAGS=-mcpu=cortex-a9 -mfpu=vfpv3 -mfloat-abi=hard -nost
artfiles -g -Wall -Wextra"

"Running Make include in ps7_cortexa9_0/libsrc/dmaps_v2_6/src"

make -C ps7_cortexa9_0/libsrc/dmaps_v2_6/src -s include  "SHELL=CMD" "COMPILER=arm-none-eabi-gcc" "ASSEMBLER=arm-none-eabi-as" 
"ARCHIVER=arm-none-eabi-ar" "COMPILER_FLAGS=  -O2 -c" "EXTRA_COMPILER_FLAGS=-mcpu=cortex-a9 -mfpu=vfpv3 -mfloat-abi=hard -nosta
rtfiles -g -Wall -Wextra"

"Running Make include in ps7_cortexa9_0/libsrc/emacps_v3_11/src"

make -C ps7_cortexa9_0/libsrc/emacps_v3_11/src -s include  "SHELL=CMD" "COMPILER=arm-none-eabi-gcc" "ASSEMBLER=arm-none-eabi-as
" "ARCHIVER=arm-none-eabi-ar" "COMPILER_FLAGS=  -O2 -c" "EXTRA_COMPILER_FLAGS=-mcpu=cortex-a9 -mfpu=vfpv3 -mfloat-abi=hard -nos
tartfiles -g -Wall -Wextra"

"Running Make include in ps7_cortexa9_0/libsrc/gpiops_v3_7/src"

make -C ps7_cortexa9_0/libsrc/gpiops_v3_7/src -s include  "SHELL=CMD" "COMPILER=arm-none-eabi-gcc" "ASSEMBLER=arm-none-eabi-as"
 "ARCHIVER=arm-none-eabi-ar" "COMPILER_FLAGS=  -O2 -c" "EXTRA_COMPILER_FLAGS=-mcpu=cortex-a9 -mfpu=vfpv3 -mfloat-abi=hard -nost
artfiles -g -Wall -Wextra"

"Running Make include in ps7_cortexa9_0/libsrc/iicps_v3_11/src"

make -C ps7_cortexa9_0/libsrc/iicps_v3_11/src -s include  "SHELL=CMD" "COMPILER=arm-none-eabi-gcc" "ASSEMBLER=arm-none-eabi-as"
 "ARCHIVER=arm-none-eabi-ar" "COMPILER_FLAGS=  -O2 -c" "EXTRA_COMPILER_FLAGS=-mcpu=cortex-a9 -mfpu=vfpv3 -mfloat-abi=hard -nost
artfiles -g -Wall -Wextra"

"Running Make include in ps7_cortexa9_0/libsrc/MIPI_CSI_2_RX_v1_0/src"

make -C ps7_cortexa9_0/libsrc/MIPI_CSI_2_RX_v1_0/src -s include  "SHELL=CMD" "COMPILER=arm-none-eabi-gcc" "ASSEMBLER=arm-none-e
abi-as" "ARCHIVER=arm-none-eabi-ar" "COMPILER_FLAGS=  -O2 -c" "EXTRA_COMPILER_FLAGS=-mcpu=cortex-a9 -mfpu=vfpv3 -mfloat-abi=har
d -nostartfiles -g -Wall -Wextra"

"Running Make include in ps7_cortexa9_0/libsrc/MIPI_D_PHY_RX_v1_0/src"

make -C ps7_cortexa9_0/libsrc/MIPI_D_PHY_RX_v1_0/src -s include  "SHELL=CMD" "COMPILER=arm-none-eabi-gcc" "ASSEMBLER=arm-none-e
abi-as" "ARCHIVER=arm-none-eabi-ar" "COMPILER_FLAGS=  -O2 -c" "EXTRA_COMPILER_FLAGS=-mcpu=cortex-a9 -mfpu=vfpv3 -mfloat-abi=har
d -nostartfiles -g -Wall -Wextra"

"Running Make include in ps7_cortexa9_0/libsrc/qspips_v3_7/src"

make -C ps7_cortexa9_0/libsrc/qspips_v3_7/src -s include  "SHELL=CMD" "COMPILER=arm-none-eabi-gcc" "ASSEMBLER=arm-none-eabi-as"
 "ARCHIVER=arm-none-eabi-ar" "COMPILER_FLAGS=  -O2 -c" "EXTRA_COMPILER_FLAGS=-mcpu=cortex-a9 -mfpu=vfpv3 -mfloat-abi=hard -nost
artfiles -g -Wall -Wextra"

"Running Make include in ps7_cortexa9_0/libsrc/scugic_v4_2/src"

make -C ps7_cortexa9_0/libsrc/scugic_v4_2/src -s include  "SHELL=CMD" "COMPILER=arm-none-eabi-gcc" "ASSEMBLER=arm-none-eabi-as"
 "ARCHIVER=arm-none-eabi-ar" "COMPILER_FLAGS=  -O2 -c" "EXTRA_COMPILER_FLAGS=-mcpu=cortex-a9 -mfpu=vfpv3 -mfloat-abi=hard -nost
artfiles -g -Wall -Wextra"

"Running Make include in ps7_cortexa9_0/libsrc/scutimer_v2_2/src"

make -C ps7_cortexa9_0/libsrc/scutimer_v2_2/src -s include  "SHELL=CMD" "COMPILER=arm-none-eabi-gcc" "ASSEMBLER=arm-none-eabi-a
s" "ARCHIVER=arm-none-eabi-ar" "COMPILER_FLAGS=  -O2 -c" "EXTRA_COMPILER_FLAGS=-mcpu=cortex-a9 -mfpu=vfpv3 -mfloat-abi=hard -no
startfiles -g -Wall -Wextra"

"Running Make include in ps7_cortexa9_0/libsrc/scuwdt_v2_2/src"

make -C ps7_cortexa9_0/libsrc/scuwdt_v2_2/src -s include  "SHELL=CMD" "COMPILER=arm-none-eabi-gcc" "ASSEMBLER=arm-none-eabi-as"
 "ARCHIVER=arm-none-eabi-ar" "COMPILER_FLAGS=  -O2 -c" "EXTRA_COMPILER_FLAGS=-mcpu=cortex-a9 -mfpu=vfpv3 -mfloat-abi=hard -nost
artfiles -g -Wall -Wextra"

"Running Make include in ps7_cortexa9_0/libsrc/sdps_v3_9/src"

make -C ps7_cortexa9_0/libsrc/sdps_v3_9/src -s include  "SHELL=CMD" "COMPILER=arm-none-eabi-gcc" "ASSEMBLER=arm-none-eabi-as" "
ARCHIVER=arm-none-eabi-ar" "COMPILER_FLAGS=  -O2 -c" "EXTRA_COMPILER_FLAGS=-mcpu=cortex-a9 -mfpu=vfpv3 -mfloat-abi=hard -nostar
tfiles -g -Wall -Wextra"

"Running Make include in ps7_cortexa9_0/libsrc/standalone_v7_2/src"

make -C ps7_cortexa9_0/libsrc/standalone_v7_2/src -s include  "SHELL=CMD" "COMPILER=arm-none-eabi-gcc" "ASSEMBLER=arm-none-eabi
-as" "ARCHIVER=arm-none-eabi-ar" "COMPILER_FLAGS=  -O2 -c" "EXTRA_COMPILER_FLAGS=-mcpu=cortex-a9 -mfpu=vfpv3 -mfloat-abi=hard -
nostartfiles -g -Wall -Wextra"

"Running Make include in ps7_cortexa9_0/libsrc/uartps_v3_9/src"

make -C ps7_cortexa9_0/libsrc/uartps_v3_9/src -s include  "SHELL=CMD" "COMPILER=arm-none-eabi-gcc" "ASSEMBLER=arm-none-eabi-as"
 "ARCHIVER=arm-none-eabi-ar" "COMPILER_FLAGS=  -O2 -c" "EXTRA_COMPILER_FLAGS=-mcpu=cortex-a9 -mfpu=vfpv3 -mfloat-abi=hard -nost
artfiles -g -Wall -Wextra"

"Running Make include in ps7_cortexa9_0/libsrc/usbps_v2_5/src"

make -C ps7_cortexa9_0/libsrc/usbps_v2_5/src -s include  "SHELL=CMD" "COMPILER=arm-none-eabi-gcc" "ASSEMBLER=arm-none-eabi-as" 
"ARCHIVER=arm-none-eabi-ar" "COMPILER_FLAGS=  -O2 -c" "EXTRA_COMPILER_FLAGS=-mcpu=cortex-a9 -mfpu=vfpv3 -mfloat-abi=hard -nosta
rtfiles -g -Wall -Wextra"

"Running Make include in ps7_cortexa9_0/libsrc/vtc_v8_2/src"

make -C ps7_cortexa9_0/libsrc/vtc_v8_2/src -s include  "SHELL=CMD" "COMPILER=arm-none-eabi-gcc" "ASSEMBLER=arm-none-eabi-as" "A
RCHIVER=arm-none-eabi-ar" "COMPILER_FLAGS=  -O2 -c" "EXTRA_COMPILER_FLAGS=-mcpu=cortex-a9 -mfpu=vfpv3 -mfloat-abi=hard -nostart
files -g -Wall -Wextra"

"Running Make include in ps7_cortexa9_0/libsrc/xadcps_v2_4/src"

make -C ps7_cortexa9_0/libsrc/xadcps_v2_4/src -s include  "SHELL=CMD" "COMPILER=arm-none-eabi-gcc" "ASSEMBLER=arm-none-eabi-as"
 "ARCHIVER=arm-none-eabi-ar" "COMPILER_FLAGS=  -O2 -c" "EXTRA_COMPILER_FLAGS=-mcpu=cortex-a9 -mfpu=vfpv3 -mfloat-abi=hard -nost
artfiles -g -Wall -Wextra"

"Running Make libs in ps7_cortexa9_0/libsrc/axivdma_v6_7/src"

make -C ps7_cortexa9_0/libsrc/axivdma_v6_7/src -s libs  "SHELL=CMD" "COMPILER=arm-none-eabi-gcc" "ASSEMBLER=arm-none-eabi-as" "
ARCHIVER=arm-none-eabi-ar" "COMPILER_FLAGS=  -O2 -c" "EXTRA_COMPILER_FLAGS=-mcpu=cortex-a9 -mfpu=vfpv3 -mfloat-abi=hard -nostar
tfiles -g -Wall -Wextra"

"Compiling axivdma"

"Running Make libs in ps7_cortexa9_0/libsrc/clk_wiz_v1_3/src"

make -C ps7_cortexa9_0/libsrc/clk_wiz_v1_3/src -s libs  "SHELL=CMD" "COMPILER=arm-none-eabi-gcc" "ASSEMBLER=arm-none-eabi-as" "
ARCHIVER=arm-none-eabi-ar" "COMPILER_FLAGS=  -O2 -c" "EXTRA_COMPILER_FLAGS=-mcpu=cortex-a9 -mfpu=vfpv3 -mfloat-abi=hard -nostar
tfiles -g -Wall -Wextra"

"Compiling Clkocking Wizard"

"Running Make libs in ps7_cortexa9_0/libsrc/coresightps_dcc_v1_7/src"

make -C ps7_cortexa9_0/libsrc/coresightps_dcc_v1_7/src -s libs  "SHELL=CMD" "COMPILER=arm-none-eabi-gcc" "ASSEMBLER=arm-none-ea
bi-as" "ARCHIVER=arm-none-eabi-ar" "COMPILER_FLAGS=  -O2 -c" "EXTRA_COMPILER_FLAGS=-mcpu=cortex-a9 -mfpu=vfpv3 -mfloat-abi=hard
 -nostartfiles -g -Wall -Wextra"

"Compiling coresightps_dcc"

"Running Make libs in ps7_cortexa9_0/libsrc/cpu_cortexa9_v2_9/src"

make -C ps7_cortexa9_0/libsrc/cpu_cortexa9_v2_9/src -s libs  "SHELL=CMD" "COMPILER=arm-none-eabi-gcc" "ASSEMBLER=arm-none-eabi-
as" "ARCHIVER=arm-none-eabi-ar" "COMPILER_FLAGS=  -O2 -c" "EXTRA_COMPILER_FLAGS=-mcpu=cortex-a9 -mfpu=vfpv3 -mfloat-abi=hard -n
ostartfiles -g -Wall -Wextra"

"Compiling cpu_cortexa9"

"Running Make libs in ps7_cortexa9_0/libsrc/ddrps_v1_1/src"

make -C ps7_cortexa9_0/libsrc/ddrps_v1_1/src -s libs  "SHELL=CMD" "COMPILER=arm-none-eabi-gcc" "ASSEMBLER=arm-none-eabi-as" "AR
CHIVER=arm-none-eabi-ar" "COMPILER_FLAGS=  -O2 -c" "EXTRA_COMPILER_FLAGS=-mcpu=cortex-a9 -mfpu=vfpv3 -mfloat-abi=hard -nostartf
iles -g -Wall -Wextra"

"Compiling ddrps"

"Running Make libs in ps7_cortexa9_0/libsrc/devcfg_v3_6/src"

make -C ps7_cortexa9_0/libsrc/devcfg_v3_6/src -s libs  "SHELL=CMD" "COMPILER=arm-none-eabi-gcc" "ASSEMBLER=arm-none-eabi-as" "A
RCHIVER=arm-none-eabi-ar" "COMPILER_FLAGS=  -O2 -c" "EXTRA_COMPILER_FLAGS=-mcpu=cortex-a9 -mfpu=vfpv3 -mfloat-abi=hard -nostart
files -g -Wall -Wextra"

"Compiling devcfg"

"Running Make libs in ps7_cortexa9_0/libsrc/dmaps_v2_6/src"

make -C ps7_cortexa9_0/libsrc/dmaps_v2_6/src -s libs  "SHELL=CMD" "COMPILER=arm-none-eabi-gcc" "ASSEMBLER=arm-none-eabi-as" "AR
CHIVER=arm-none-eabi-ar" "COMPILER_FLAGS=  -O2 -c" "EXTRA_COMPILER_FLAGS=-mcpu=cortex-a9 -mfpu=vfpv3 -mfloat-abi=hard -nostartf
iles -g -Wall -Wextra"

"Compiling dmaps"

"Running Make libs in ps7_cortexa9_0/libsrc/emacps_v3_11/src"

make -C ps7_cortexa9_0/libsrc/emacps_v3_11/src -s libs  "SHELL=CMD" "COMPILER=arm-none-eabi-gcc" "ASSEMBLER=arm-none-eabi-as" "
ARCHIVER=arm-none-eabi-ar" "COMPILER_FLAGS=  -O2 -c" "EXTRA_COMPILER_FLAGS=-mcpu=cortex-a9 -mfpu=vfpv3 -mfloat-abi=hard -nostar
tfiles -g -Wall -Wextra"

"Compiling emacps"

"Running Make libs in ps7_cortexa9_0/libsrc/gpiops_v3_7/src"

make -C ps7_cortexa9_0/libsrc/gpiops_v3_7/src -s libs  "SHELL=CMD" "COMPILER=arm-none-eabi-gcc" "ASSEMBLER=arm-none-eabi-as" "A
RCHIVER=arm-none-eabi-ar" "COMPILER_FLAGS=  -O2 -c" "EXTRA_COMPILER_FLAGS=-mcpu=cortex-a9 -mfpu=vfpv3 -mfloat-abi=hard -nostart
files -g -Wall -Wextra"

"Compiling gpiops"

"Running Make libs in ps7_cortexa9_0/libsrc/iicps_v3_11/src"

make -C ps7_cortexa9_0/libsrc/iicps_v3_11/src -s libs  "SHELL=CMD" "COMPILER=arm-none-eabi-gcc" "ASSEMBLER=arm-none-eabi-as" "A
RCHIVER=arm-none-eabi-ar" "COMPILER_FLAGS=  -O2 -c" "EXTRA_COMPILER_FLAGS=-mcpu=cortex-a9 -mfpu=vfpv3 -mfloat-abi=hard -nostart
files -g -Wall -Wextra"

"Compiling iicps"

"Running Make libs in ps7_cortexa9_0/libsrc/MIPI_CSI_2_RX_v1_0/src"

make -C ps7_cortexa9_0/libsrc/MIPI_CSI_2_RX_v1_0/src -s libs  "SHELL=CMD" "COMPILER=arm-none-eabi-gcc" "ASSEMBLER=arm-none-eabi
-as" "ARCHIVER=arm-none-eabi-ar" "COMPILER_FLAGS=  -O2 -c" "EXTRA_COMPILER_FLAGS=-mcpu=cortex-a9 -mfpu=vfpv3 -mfloat-abi=hard -
nostartfiles -g -Wall -Wextra"

"Compiling MIPI_CSI_2_RX"

"Running Make libs in ps7_cortexa9_0/libsrc/MIPI_D_PHY_RX_v1_0/src"

make -C ps7_cortexa9_0/libsrc/MIPI_D_PHY_RX_v1_0/src -s libs  "SHELL=CMD" "COMPILER=arm-none-eabi-gcc" "ASSEMBLER=arm-none-eabi
-as" "ARCHIVER=arm-none-eabi-ar" "COMPILER_FLAGS=  -O2 -c" "EXTRA_COMPILER_FLAGS=-mcpu=cortex-a9 -mfpu=vfpv3 -mfloat-abi=hard -
nostartfiles -g -Wall -Wextra"

"Compiling MIPI_D_PHY_RX"

"Running Make libs in ps7_cortexa9_0/libsrc/qspips_v3_7/src"

make -C ps7_cortexa9_0/libsrc/qspips_v3_7/src -s libs  "SHELL=CMD" "COMPILER=arm-none-eabi-gcc" "ASSEMBLER=arm-none-eabi-as" "A
RCHIVER=arm-none-eabi-ar" "COMPILER_FLAGS=  -O2 -c" "EXTRA_COMPILER_FLAGS=-mcpu=cortex-a9 -mfpu=vfpv3 -mfloat-abi=hard -nostart
files -g -Wall -Wextra"

"Compiling qspips"

"Running Make libs in ps7_cortexa9_0/libsrc/scugic_v4_2/src"

make -C ps7_cortexa9_0/libsrc/scugic_v4_2/src -s libs  "SHELL=CMD" "COMPILER=arm-none-eabi-gcc" "ASSEMBLER=arm-none-eabi-as" "A
RCHIVER=arm-none-eabi-ar" "COMPILER_FLAGS=  -O2 -c" "EXTRA_COMPILER_FLAGS=-mcpu=cortex-a9 -mfpu=vfpv3 -mfloat-abi=hard -nostart
files -g -Wall -Wextra"

"Compiling scugic"

"Running Make libs in ps7_cortexa9_0/libsrc/scutimer_v2_2/src"

make -C ps7_cortexa9_0/libsrc/scutimer_v2_2/src -s libs  "SHELL=CMD" "COMPILER=arm-none-eabi-gcc" "ASSEMBLER=arm-none-eabi-as" 
"ARCHIVER=arm-none-eabi-ar" "COMPILER_FLAGS=  -O2 -c" "EXTRA_COMPILER_FLAGS=-mcpu=cortex-a9 -mfpu=vfpv3 -mfloat-abi=hard -nosta
rtfiles -g -Wall -Wextra"

"Compiling scutimer"

"Running Make libs in ps7_cortexa9_0/libsrc/scuwdt_v2_2/src"

make -C ps7_cortexa9_0/libsrc/scuwdt_v2_2/src -s libs  "SHELL=CMD" "COMPILER=arm-none-eabi-gcc" "ASSEMBLER=arm-none-eabi-as" "A
RCHIVER=arm-none-eabi-ar" "COMPILER_FLAGS=  -O2 -c" "EXTRA_COMPILER_FLAGS=-mcpu=cortex-a9 -mfpu=vfpv3 -mfloat-abi=hard -nostart
files -g -Wall -Wextra"

"Compiling scuwdt"

"Running Make libs in ps7_cortexa9_0/libsrc/sdps_v3_9/src"

make -C ps7_cortexa9_0/libsrc/sdps_v3_9/src -s libs  "SHELL=CMD" "COMPILER=arm-none-eabi-gcc" "ASSEMBLER=arm-none-eabi-as" "ARC
HIVER=arm-none-eabi-ar" "COMPILER_FLAGS=  -O2 -c" "EXTRA_COMPILER_FLAGS=-mcpu=cortex-a9 -mfpu=vfpv3 -mfloat-abi=hard -nostartfi
les -g -Wall -Wextra"

"Compiling sdps"

"Running Make libs in ps7_cortexa9_0/libsrc/standalone_v7_2/src"

make -C ps7_cortexa9_0/libsrc/standalone_v7_2/src -s libs  "SHELL=CMD" "COMPILER=arm-none-eabi-gcc" "ASSEMBLER=arm-none-eabi-as
" "ARCHIVER=arm-none-eabi-ar" "COMPILER_FLAGS=  -O2 -c" "EXTRA_COMPILER_FLAGS=-mcpu=cortex-a9 -mfpu=vfpv3 -mfloat-abi=hard -nos
tartfiles -g -Wall -Wextra"

"Compiling standalone"

In file included from usleep.c:34:
xtime_l.h:65:9: note: #pragma message: For the sleep routines, Global timer is being used
   65 | #pragma message ("For the sleep routines, Global timer is being used")
      |         ^~~~~~~
In file included from xil_sleeptimer.c:32:
xtime_l.h:65:9: note: #pragma message: For the sleep routines, Global timer is being used
   65 | #pragma message ("For the sleep routines, Global timer is being used")
      |         ^~~~~~~
In file included from xtime_l.c:27:
xtime_l.h:65:9: note: #pragma message: For the sleep routines, Global timer is being used
   65 | #pragma message ("For the sleep routines, Global timer is being used")
      |         ^~~~~~~
In file included from sleep.c:31:
xtime_l.h:65:9: note: #pragma message: For the sleep routines, Global timer is being used
   65 | #pragma message ("For the sleep routines, Global timer is being used")
      |         ^~~~~~~
"Running Make libs in ps7_cortexa9_0/libsrc/uartps_v3_9/src"

make -C ps7_cortexa9_0/libsrc/uartps_v3_9/src -s libs  "SHELL=CMD" "COMPILER=arm-none-eabi-gcc" "ASSEMBLER=arm-none-eabi-as" "A
RCHIVER=arm-none-eabi-ar" "COMPILER_FLAGS=  -O2 -c" "EXTRA_COMPILER_FLAGS=-mcpu=cortex-a9 -mfpu=vfpv3 -mfloat-abi=hard -nostart
files -g -Wall -Wextra"

"Compiling uartps"

"Running Make libs in ps7_cortexa9_0/libsrc/usbps_v2_5/src"

make -C ps7_cortexa9_0/libsrc/usbps_v2_5/src -s libs  "SHELL=CMD" "COMPILER=arm-none-eabi-gcc" "ASSEMBLER=arm-none-eabi-as" "AR
CHIVER=arm-none-eabi-ar" "COMPILER_FLAGS=  -O2 -c" "EXTRA_COMPILER_FLAGS=-mcpu=cortex-a9 -mfpu=vfpv3 -mfloat-abi=hard -nostartf
iles -g -Wall -Wextra"

"Compiling usbps"

"Running Make libs in ps7_cortexa9_0/libsrc/vtc_v8_2/src"

make -C ps7_cortexa9_0/libsrc/vtc_v8_2/src -s libs  "SHELL=CMD" "COMPILER=arm-none-eabi-gcc" "ASSEMBLER=arm-none-eabi-as" "ARCH
IVER=arm-none-eabi-ar" "COMPILER_FLAGS=  -O2 -c" "EXTRA_COMPILER_FLAGS=-mcpu=cortex-a9 -mfpu=vfpv3 -mfloat-abi=hard -nostartfil
es -g -Wall -Wextra"

"Compiling video timing controller"

"Running Make libs in ps7_cortexa9_0/libsrc/xadcps_v2_4/src"

make -C ps7_cortexa9_0/libsrc/xadcps_v2_4/src -s libs  "SHELL=CMD" "COMPILER=arm-none-eabi-gcc" "ASSEMBLER=arm-none-eabi-as" "A
RCHIVER=arm-none-eabi-ar" "COMPILER_FLAGS=  -O2 -c" "EXTRA_COMPILER_FLAGS=-mcpu=cortex-a9 -mfpu=vfpv3 -mfloat-abi=hard -nostart
files -g -Wall -Wextra"

"Compiling xadcps"

'Finished building libraries'


14:37:57 Build Finished (took 1m:174ms)

